{"/home/andreag/Desktop/Back-End/server.js": {"path":"/home/andreag/Desktop/Back-End/server.js","statementMap":{"0":{"start":{"line":6,"column":15},"end":{"line":6,"column":41}},"1":{"start":{"line":7,"column":16},"end":{"line":7,"column":34}},"2":{"start":{"line":8,"column":12},"end":{"line":8,"column":21}},"3":{"start":{"line":9,"column":13},"end":{"line":9,"column":28}},"4":{"start":{"line":11,"column":18},"end":{"line":11,"column":47}},"5":{"start":{"line":12,"column":24},"end":{"line":12,"column":49}},"6":{"start":{"line":14,"column":0},"end":{"line":14,"column":72}},"7":{"start":{"line":18,"column":25},"end":{"line":18,"column":58}},"8":{"start":{"line":19,"column":27},"end":{"line":19,"column":58}},"9":{"start":{"line":20,"column":22},"end":{"line":20,"column":50}},"10":{"start":{"line":21,"column":31},"end":{"line":21,"column":68}},"11":{"start":{"line":23,"column":17},"end":{"line":23,"column":36}},"12":{"start":{"line":24,"column":0},"end":{"line":24,"column":24}},"13":{"start":{"line":25,"column":0},"end":{"line":25,"column":16}},"14":{"start":{"line":26,"column":0},"end":{"line":26,"column":31}},"15":{"start":{"line":27,"column":0},"end":{"line":27,"column":33}},"16":{"start":{"line":28,"column":0},"end":{"line":28,"column":28}},"17":{"start":{"line":29,"column":0},"end":{"line":29,"column":37}},"18":{"start":{"line":33,"column":0},"end":{"line":40,"column":2}},"19":{"start":{"line":37,"column":8},"end":{"line":37,"column":52}},"20":{"start":{"line":37,"column":17},"end":{"line":37,"column":52}},"21":{"start":{"line":38,"column":8},"end":{"line":38,"column":93}},"22":{"start":{"line":43,"column":17},"end":{"line":45,"column":2}},"23":{"start":{"line":44,"column":4},"end":{"line":44,"column":76}},"24":{"start":{"line":48,"column":0},"end":{"line":48,"column":21}}},"fnMap":{"0":{"name":"(anonymous_0)","decl":{"start":{"line":36,"column":4},"end":{"line":36,"column":5}},"loc":{"start":{"line":36,"column":13},"end":{"line":39,"column":5}},"line":36},"1":{"name":"(anonymous_1)","decl":{"start":{"line":43,"column":54},"end":{"line":43,"column":55}},"loc":{"start":{"line":43,"column":60},"end":{"line":45,"column":1}},"line":43}},"branchMap":{"0":{"loc":{"start":{"line":37,"column":8},"end":{"line":37,"column":52}},"type":"if","locations":[{"start":{"line":37,"column":8},"end":{"line":37,"column":52}},{"start":{},"end":{}}],"line":37},"1":{"loc":{"start":{"line":43,"column":28},"end":{"line":43,"column":52}},"type":"binary-expr","locations":[{"start":{"line":43,"column":28},"end":{"line":43,"column":44}},{"start":{"line":43,"column":48},"end":{"line":43,"column":52}}],"line":43}},"s":{"0":1,"1":1,"2":1,"3":1,"4":1,"5":1,"6":1,"7":1,"8":1,"9":1,"10":1,"11":1,"12":1,"13":1,"14":1,"15":1,"16":1,"17":1,"18":1,"19":1,"20":0,"21":1,"22":1,"23":1,"24":1},"f":{"0":1,"1":1},"b":{"0":[0,1],"1":[1,0]},"_coverageSchema":"1a1c01bbd47fc00a2c39e90264f33305004495a9","hash":"04d8d6295220e905b05b49ce102b36e59cd43840"}
,"/home/andreag/Desktop/Back-End/controllers/loggedUserC.js": {"path":"/home/andreag/Desktop/Back-End/controllers/loggedUserC.js","statementMap":{"0":{"start":{"line":1,"column":12},"end":{"line":1,"column":35}},"1":{"start":{"line":2,"column":13},"end":{"line":2,"column":39}},"2":{"start":{"line":3,"column":19},"end":{"line":3,"column":40}},"3":{"start":{"line":9,"column":22},"end":{"line":30,"column":1}},"4":{"start":{"line":10,"column":19},"end":{"line":10,"column":38}},"5":{"start":{"line":14,"column":4},"end":{"line":29,"column":7}},"6":{"start":{"line":15,"column":8},"end":{"line":28,"column":11}},"7":{"start":{"line":16,"column":12},"end":{"line":21,"column":15}},"8":{"start":{"line":23,"column":13},"end":{"line":28,"column":11}},"9":{"start":{"line":32,"column":23},"end":{"line":54,"column":1}},"10":{"start":{"line":34,"column":16},"end":{"line":34,"column":32}},"11":{"start":{"line":36,"column":4},"end":{"line":36,"column":53}},"12":{"start":{"line":38,"column":4},"end":{"line":53,"column":7}},"13":{"start":{"line":39,"column":8},"end":{"line":52,"column":11}},"14":{"start":{"line":40,"column":12},"end":{"line":45,"column":15}},"15":{"start":{"line":47,"column":13},"end":{"line":52,"column":11}},"16":{"start":{"line":56,"column":29},"end":{"line":76,"column":1}},"17":{"start":{"line":57,"column":19},"end":{"line":57,"column":38}},"18":{"start":{"line":60,"column":4},"end":{"line":75,"column":7}},"19":{"start":{"line":61,"column":8},"end":{"line":74,"column":11}},"20":{"start":{"line":62,"column":12},"end":{"line":67,"column":15}},"21":{"start":{"line":69,"column":13},"end":{"line":74,"column":11}},"22":{"start":{"line":79,"column":22},"end":{"line":95,"column":1}},"23":{"start":{"line":80,"column":4},"end":{"line":94,"column":7}},"24":{"start":{"line":81,"column":8},"end":{"line":93,"column":9}},"25":{"start":{"line":82,"column":12},"end":{"line":86,"column":15}},"26":{"start":{"line":88,"column":12},"end":{"line":92,"column":14}},"27":{"start":{"line":97,"column":25},"end":{"line":139,"column":1}},"28":{"start":{"line":99,"column":4},"end":{"line":135,"column":7}},"29":{"start":{"line":100,"column":8},"end":{"line":134,"column":9}},"30":{"start":{"line":101,"column":12},"end":{"line":106,"column":15}},"31":{"start":{"line":109,"column":12},"end":{"line":133,"column":13}},"32":{"start":{"line":110,"column":16},"end":{"line":124,"column":19}},"33":{"start":{"line":111,"column":20},"end":{"line":123,"column":21}},"34":{"start":{"line":112,"column":24},"end":{"line":116,"column":27}},"35":{"start":{"line":118,"column":24},"end":{"line":122,"column":26}},"36":{"start":{"line":127,"column":16},"end":{"line":132,"column":18}},"37":{"start":{"line":142,"column":18},"end":{"line":173,"column":1}},"38":{"start":{"line":143,"column":26},"end":{"line":149,"column":6}},"39":{"start":{"line":151,"column":22},"end":{"line":156,"column":5}},"40":{"start":{"line":158,"column":4},"end":{"line":172,"column":7}},"41":{"start":{"line":159,"column":8},"end":{"line":171,"column":9}},"42":{"start":{"line":160,"column":12},"end":{"line":164,"column":15}},"43":{"start":{"line":166,"column":12},"end":{"line":170,"column":15}},"44":{"start":{"line":175,"column":23},"end":{"line":191,"column":1}},"45":{"start":{"line":176,"column":4},"end":{"line":190,"column":7}},"46":{"start":{"line":177,"column":8},"end":{"line":189,"column":9}},"47":{"start":{"line":178,"column":12},"end":{"line":182,"column":15}},"48":{"start":{"line":184,"column":12},"end":{"line":188,"column":15}},"49":{"start":{"line":193,"column":32},"end":{"line":229,"column":1}},"50":{"start":{"line":194,"column":4},"end":{"line":228,"column":7}},"51":{"start":{"line":195,"column":8},"end":{"line":227,"column":9}},"52":{"start":{"line":196,"column":12},"end":{"line":200,"column":15}},"53":{"start":{"line":203,"column":12},"end":{"line":226,"column":13}},"54":{"start":{"line":204,"column":16},"end":{"line":208,"column":19}},"55":{"start":{"line":210,"column":16},"end":{"line":225,"column":19}},"56":{"start":{"line":211,"column":20},"end":{"line":224,"column":21}},"57":{"start":{"line":212,"column":24},"end":{"line":216,"column":27}},"58":{"start":{"line":219,"column":24},"end":{"line":223,"column":27}},"59":{"start":{"line":231,"column":34},"end":{"line":267,"column":1}},"60":{"start":{"line":232,"column":19},"end":{"line":232,"column":38}},"61":{"start":{"line":233,"column":20},"end":{"line":233,"column":40}},"62":{"start":{"line":234,"column":4},"end":{"line":266,"column":7}},"63":{"start":{"line":235,"column":8},"end":{"line":265,"column":9}},"64":{"start":{"line":236,"column":12},"end":{"line":240,"column":15}},"65":{"start":{"line":242,"column":12},"end":{"line":264,"column":27}},"66":{"start":{"line":243,"column":16},"end":{"line":257,"column":19}},"67":{"start":{"line":244,"column":20},"end":{"line":256,"column":21}},"68":{"start":{"line":245,"column":24},"end":{"line":249,"column":27}},"69":{"start":{"line":251,"column":24},"end":{"line":255,"column":27}},"70":{"start":{"line":260,"column":16},"end":{"line":264,"column":27}},"71":{"start":{"line":269,"column":38},"end":{"line":321,"column":1}},"72":{"start":{"line":270,"column":19},"end":{"line":270,"column":38}},"73":{"start":{"line":271,"column":17},"end":{"line":271,"column":34}},"74":{"start":{"line":272,"column":4},"end":{"line":320,"column":7}},"75":{"start":{"line":273,"column":8},"end":{"line":319,"column":9}},"76":{"start":{"line":274,"column":12},"end":{"line":278,"column":15}},"77":{"start":{"line":280,"column":26},"end":{"line":280,"column":75}},"78":{"start":{"line":281,"column":24},"end":{"line":281,"column":71}},"79":{"start":{"line":282,"column":12},"end":{"line":318,"column":13}},"80":{"start":{"line":283,"column":16},"end":{"line":283,"column":48}},"81":{"start":{"line":284,"column":16},"end":{"line":284,"column":36}},"82":{"start":{"line":285,"column":16},"end":{"line":299,"column":19}},"83":{"start":{"line":286,"column":20},"end":{"line":298,"column":21}},"84":{"start":{"line":287,"column":24},"end":{"line":291,"column":27}},"85":{"start":{"line":293,"column":24},"end":{"line":297,"column":27}},"86":{"start":{"line":302,"column":16},"end":{"line":302,"column":37}},"87":{"start":{"line":303,"column":16},"end":{"line":317,"column":19}},"88":{"start":{"line":304,"column":20},"end":{"line":316,"column":21}},"89":{"start":{"line":305,"column":24},"end":{"line":309,"column":27}},"90":{"start":{"line":311,"column":24},"end":{"line":315,"column":27}},"91":{"start":{"line":324,"column":0},"end":{"line":335,"column":2}}},"fnMap":{"0":{"name":"(anonymous_0)","decl":{"start":{"line":9,"column":22},"end":{"line":9,"column":23}},"loc":{"start":{"line":9,"column":36},"end":{"line":30,"column":1}},"line":9},"1":{"name":"(anonymous_1)","decl":{"start":{"line":14,"column":76},"end":{"line":14,"column":77}},"loc":{"start":{"line":14,"column":91},"end":{"line":29,"column":5}},"line":14},"2":{"name":"(anonymous_2)","decl":{"start":{"line":32,"column":23},"end":{"line":32,"column":24}},"loc":{"start":{"line":32,"column":37},"end":{"line":54,"column":1}},"line":32},"3":{"name":"(anonymous_3)","decl":{"start":{"line":38,"column":56},"end":{"line":38,"column":57}},"loc":{"start":{"line":38,"column":71},"end":{"line":53,"column":5}},"line":38},"4":{"name":"(anonymous_4)","decl":{"start":{"line":56,"column":29},"end":{"line":56,"column":30}},"loc":{"start":{"line":56,"column":43},"end":{"line":76,"column":1}},"line":56},"5":{"name":"(anonymous_5)","decl":{"start":{"line":60,"column":62},"end":{"line":60,"column":63}},"loc":{"start":{"line":60,"column":77},"end":{"line":75,"column":5}},"line":60},"6":{"name":"(anonymous_6)","decl":{"start":{"line":79,"column":22},"end":{"line":79,"column":23}},"loc":{"start":{"line":79,"column":36},"end":{"line":95,"column":1}},"line":79},"7":{"name":"(anonymous_7)","decl":{"start":{"line":80,"column":113},"end":{"line":80,"column":114}},"loc":{"start":{"line":80,"column":132},"end":{"line":94,"column":5}},"line":80},"8":{"name":"(anonymous_8)","decl":{"start":{"line":97,"column":25},"end":{"line":97,"column":26}},"loc":{"start":{"line":97,"column":39},"end":{"line":139,"column":1}},"line":97},"9":{"name":"(anonymous_9)","decl":{"start":{"line":99,"column":64},"end":{"line":99,"column":65}},"loc":{"start":{"line":99,"column":79},"end":{"line":135,"column":5}},"line":99},"10":{"name":"(anonymous_10)","decl":{"start":{"line":110,"column":131},"end":{"line":110,"column":132}},"loc":{"start":{"line":110,"column":149},"end":{"line":124,"column":17}},"line":110},"11":{"name":"(anonymous_11)","decl":{"start":{"line":142,"column":18},"end":{"line":142,"column":19}},"loc":{"start":{"line":142,"column":32},"end":{"line":173,"column":1}},"line":142},"12":{"name":"(anonymous_12)","decl":{"start":{"line":158,"column":42},"end":{"line":158,"column":43}},"loc":{"start":{"line":158,"column":62},"end":{"line":172,"column":5}},"line":158},"13":{"name":"(anonymous_13)","decl":{"start":{"line":175,"column":23},"end":{"line":175,"column":24}},"loc":{"start":{"line":175,"column":37},"end":{"line":191,"column":1}},"line":175},"14":{"name":"(anonymous_14)","decl":{"start":{"line":176,"column":105},"end":{"line":176,"column":106}},"loc":{"start":{"line":176,"column":123},"end":{"line":190,"column":5}},"line":176},"15":{"name":"(anonymous_15)","decl":{"start":{"line":193,"column":32},"end":{"line":193,"column":33}},"loc":{"start":{"line":193,"column":46},"end":{"line":229,"column":1}},"line":193},"16":{"name":"(anonymous_16)","decl":{"start":{"line":194,"column":88},"end":{"line":194,"column":89}},"loc":{"start":{"line":194,"column":103},"end":{"line":228,"column":5}},"line":194},"17":{"name":"(anonymous_17)","decl":{"start":{"line":210,"column":131},"end":{"line":210,"column":132}},"loc":{"start":{"line":210,"column":148},"end":{"line":225,"column":17}},"line":210},"18":{"name":"(anonymous_18)","decl":{"start":{"line":231,"column":34},"end":{"line":231,"column":35}},"loc":{"start":{"line":231,"column":48},"end":{"line":267,"column":1}},"line":231},"19":{"name":"(anonymous_19)","decl":{"start":{"line":234,"column":73},"end":{"line":234,"column":74}},"loc":{"start":{"line":234,"column":89},"end":{"line":266,"column":5}},"line":234},"20":{"name":"(anonymous_20)","decl":{"start":{"line":243,"column":151},"end":{"line":243,"column":152}},"loc":{"start":{"line":243,"column":169},"end":{"line":257,"column":17}},"line":243},"21":{"name":"(anonymous_21)","decl":{"start":{"line":269,"column":38},"end":{"line":269,"column":39}},"loc":{"start":{"line":269,"column":52},"end":{"line":321,"column":1}},"line":269},"22":{"name":"(anonymous_22)","decl":{"start":{"line":272,"column":62},"end":{"line":272,"column":63}},"loc":{"start":{"line":272,"column":78},"end":{"line":320,"column":5}},"line":272},"23":{"name":"(anonymous_23)","decl":{"start":{"line":285,"column":194},"end":{"line":285,"column":195}},"loc":{"start":{"line":285,"column":212},"end":{"line":299,"column":17}},"line":285},"24":{"name":"(anonymous_24)","decl":{"start":{"line":303,"column":154},"end":{"line":303,"column":155}},"loc":{"start":{"line":303,"column":172},"end":{"line":317,"column":17}},"line":303}},"branchMap":{"0":{"loc":{"start":{"line":15,"column":8},"end":{"line":28,"column":11}},"type":"if","locations":[{"start":{"line":15,"column":8},"end":{"line":28,"column":11}},{"start":{"line":23,"column":13},"end":{"line":28,"column":11}}],"line":15},"1":{"loc":{"start":{"line":15,"column":12},"end":{"line":15,"column":24}},"type":"binary-expr","locations":[{"start":{"line":15,"column":12},"end":{"line":15,"column":15}},{"start":{"line":15,"column":19},"end":{"line":15,"column":24}}],"line":15},"2":{"loc":{"start":{"line":39,"column":8},"end":{"line":52,"column":11}},"type":"if","locations":[{"start":{"line":39,"column":8},"end":{"line":52,"column":11}},{"start":{"line":47,"column":13},"end":{"line":52,"column":11}}],"line":39},"3":{"loc":{"start":{"line":39,"column":12},"end":{"line":39,"column":24}},"type":"binary-expr","locations":[{"start":{"line":39,"column":12},"end":{"line":39,"column":15}},{"start":{"line":39,"column":19},"end":{"line":39,"column":24}}],"line":39},"4":{"loc":{"start":{"line":61,"column":8},"end":{"line":74,"column":11}},"type":"if","locations":[{"start":{"line":61,"column":8},"end":{"line":74,"column":11}},{"start":{"line":69,"column":13},"end":{"line":74,"column":11}}],"line":61},"5":{"loc":{"start":{"line":61,"column":12},"end":{"line":61,"column":24}},"type":"binary-expr","locations":[{"start":{"line":61,"column":12},"end":{"line":61,"column":15}},{"start":{"line":61,"column":19},"end":{"line":61,"column":24}}],"line":61},"6":{"loc":{"start":{"line":81,"column":8},"end":{"line":93,"column":9}},"type":"if","locations":[{"start":{"line":81,"column":8},"end":{"line":93,"column":9}},{"start":{"line":87,"column":15},"end":{"line":93,"column":9}}],"line":81},"7":{"loc":{"start":{"line":100,"column":8},"end":{"line":134,"column":9}},"type":"if","locations":[{"start":{"line":100,"column":8},"end":{"line":134,"column":9}},{"start":{"line":108,"column":12},"end":{"line":134,"column":9}}],"line":100},"8":{"loc":{"start":{"line":100,"column":12},"end":{"line":100,"column":24}},"type":"binary-expr","locations":[{"start":{"line":100,"column":12},"end":{"line":100,"column":15}},{"start":{"line":100,"column":19},"end":{"line":100,"column":24}}],"line":100},"9":{"loc":{"start":{"line":109,"column":12},"end":{"line":133,"column":13}},"type":"if","locations":[{"start":{"line":109,"column":12},"end":{"line":133,"column":13}},{"start":{"line":126,"column":16},"end":{"line":133,"column":13}}],"line":109},"10":{"loc":{"start":{"line":111,"column":20},"end":{"line":123,"column":21}},"type":"if","locations":[{"start":{"line":111,"column":20},"end":{"line":123,"column":21}},{"start":{"line":117,"column":27},"end":{"line":123,"column":21}}],"line":111},"11":{"loc":{"start":{"line":159,"column":8},"end":{"line":171,"column":9}},"type":"if","locations":[{"start":{"line":159,"column":8},"end":{"line":171,"column":9}},{"start":{"line":165,"column":15},"end":{"line":171,"column":9}}],"line":159},"12":{"loc":{"start":{"line":177,"column":8},"end":{"line":189,"column":9}},"type":"if","locations":[{"start":{"line":177,"column":8},"end":{"line":189,"column":9}},{"start":{"line":183,"column":15},"end":{"line":189,"column":9}}],"line":177},"13":{"loc":{"start":{"line":195,"column":8},"end":{"line":227,"column":9}},"type":"if","locations":[{"start":{"line":195,"column":8},"end":{"line":227,"column":9}},{"start":{"line":202,"column":12},"end":{"line":227,"column":9}}],"line":195},"14":{"loc":{"start":{"line":195,"column":12},"end":{"line":195,"column":24}},"type":"binary-expr","locations":[{"start":{"line":195,"column":12},"end":{"line":195,"column":15}},{"start":{"line":195,"column":19},"end":{"line":195,"column":24}}],"line":195},"15":{"loc":{"start":{"line":203,"column":12},"end":{"line":226,"column":13}},"type":"if","locations":[{"start":{"line":203,"column":12},"end":{"line":226,"column":13}},{"start":{"line":209,"column":16},"end":{"line":226,"column":13}}],"line":203},"16":{"loc":{"start":{"line":211,"column":20},"end":{"line":224,"column":21}},"type":"if","locations":[{"start":{"line":211,"column":20},"end":{"line":224,"column":21}},{"start":{"line":218,"column":25},"end":{"line":224,"column":21}}],"line":211},"17":{"loc":{"start":{"line":235,"column":8},"end":{"line":265,"column":9}},"type":"if","locations":[{"start":{"line":235,"column":8},"end":{"line":265,"column":9}},{"start":{"line":241,"column":15},"end":{"line":265,"column":9}}],"line":235},"18":{"loc":{"start":{"line":235,"column":12},"end":{"line":235,"column":25}},"type":"binary-expr","locations":[{"start":{"line":235,"column":12},"end":{"line":235,"column":15}},{"start":{"line":235,"column":19},"end":{"line":235,"column":25}}],"line":235},"19":{"loc":{"start":{"line":242,"column":12},"end":{"line":264,"column":27}},"type":"if","locations":[{"start":{"line":242,"column":12},"end":{"line":264,"column":27}},{"start":{"line":260,"column":16},"end":{"line":264,"column":27}}],"line":242},"20":{"loc":{"start":{"line":244,"column":20},"end":{"line":256,"column":21}},"type":"if","locations":[{"start":{"line":244,"column":20},"end":{"line":256,"column":21}},{"start":{"line":250,"column":27},"end":{"line":256,"column":21}}],"line":244},"21":{"loc":{"start":{"line":273,"column":8},"end":{"line":319,"column":9}},"type":"if","locations":[{"start":{"line":273,"column":8},"end":{"line":319,"column":9}},{"start":{"line":279,"column":15},"end":{"line":319,"column":9}}],"line":273},"22":{"loc":{"start":{"line":273,"column":12},"end":{"line":273,"column":25}},"type":"binary-expr","locations":[{"start":{"line":273,"column":12},"end":{"line":273,"column":15}},{"start":{"line":273,"column":19},"end":{"line":273,"column":25}}],"line":273},"23":{"loc":{"start":{"line":282,"column":12},"end":{"line":318,"column":13}},"type":"if","locations":[{"start":{"line":282,"column":12},"end":{"line":318,"column":13}},{"start":{"line":301,"column":16},"end":{"line":318,"column":13}}],"line":282},"24":{"loc":{"start":{"line":286,"column":20},"end":{"line":298,"column":21}},"type":"if","locations":[{"start":{"line":286,"column":20},"end":{"line":298,"column":21}},{"start":{"line":292,"column":27},"end":{"line":298,"column":21}}],"line":286},"25":{"loc":{"start":{"line":304,"column":20},"end":{"line":316,"column":21}},"type":"if","locations":[{"start":{"line":304,"column":20},"end":{"line":316,"column":21}},{"start":{"line":310,"column":27},"end":{"line":316,"column":21}}],"line":304}},"s":{"0":1,"1":1,"2":1,"3":1,"4":2,"5":2,"6":2,"7":1,"8":1,"9":1,"10":2,"11":2,"12":2,"13":2,"14":1,"15":1,"16":1,"17":2,"18":2,"19":2,"20":1,"21":1,"22":1,"23":1,"24":1,"25":0,"26":1,"27":1,"28":3,"29":3,"30":1,"31":2,"32":1,"33":1,"34":0,"35":1,"36":1,"37":1,"38":1,"39":1,"40":1,"41":1,"42":0,"43":1,"44":1,"45":1,"46":1,"47":0,"48":1,"49":1,"50":3,"51":3,"52":1,"53":2,"54":1,"55":1,"56":1,"57":0,"58":1,"59":1,"60":3,"61":3,"62":3,"63":3,"64":1,"65":2,"66":1,"67":1,"68":0,"69":1,"70":1,"71":1,"72":3,"73":3,"74":3,"75":3,"76":1,"77":2,"78":2,"79":2,"80":1,"81":1,"82":1,"83":1,"84":0,"85":1,"86":1,"87":1,"88":1,"89":0,"90":1,"91":1},"f":{"0":2,"1":2,"2":2,"3":2,"4":2,"5":2,"6":1,"7":1,"8":3,"9":3,"10":1,"11":1,"12":1,"13":1,"14":1,"15":3,"16":3,"17":1,"18":3,"19":3,"20":1,"21":3,"22":3,"23":1,"24":1},"b":{"0":[1,1],"1":[2,2],"2":[1,1],"3":[2,2],"4":[1,1],"5":[2,2],"6":[0,1],"7":[1,2],"8":[3,3],"9":[1,1],"10":[0,1],"11":[0,1],"12":[0,1],"13":[1,2],"14":[3,3],"15":[1,1],"16":[0,1],"17":[1,2],"18":[3,3],"19":[1,1],"20":[0,1],"21":[1,2],"22":[3,3],"23":[1,1],"24":[0,1],"25":[0,1]},"_coverageSchema":"1a1c01bbd47fc00a2c39e90264f33305004495a9","hash":"4a161957de71061401e04a6367274bbd3f43d244"}
,"/home/andreag/Desktop/Back-End/controllers/sfidaGiornalieraC.js": {"path":"/home/andreag/Desktop/Back-End/controllers/sfidaGiornalieraC.js","statementMap":{"0":{"start":{"line":1,"column":23},"end":{"line":1,"column":61}},"1":{"start":{"line":2,"column":25},"end":{"line":2,"column":63}},"2":{"start":{"line":3,"column":13},"end":{"line":3,"column":39}},"3":{"start":{"line":9,"column":20},"end":{"line":9,"column":22}},"4":{"start":{"line":10,"column":4},"end":{"line":32,"column":5}},"5":{"start":{"line":11,"column":8},"end":{"line":28,"column":9}},"6":{"start":{"line":12,"column":27},"end":{"line":12,"column":93}},"7":{"start":{"line":13,"column":12},"end":{"line":13,"column":60}},"8":{"start":{"line":14,"column":12},"end":{"line":14,"column":93}},"9":{"start":{"line":15,"column":12},"end":{"line":15,"column":60}},"10":{"start":{"line":16,"column":12},"end":{"line":16,"column":93}},"11":{"start":{"line":17,"column":12},"end":{"line":17,"column":60}},"12":{"start":{"line":18,"column":12},"end":{"line":18,"column":93}},"13":{"start":{"line":19,"column":12},"end":{"line":19,"column":60}},"14":{"start":{"line":20,"column":12},"end":{"line":20,"column":93}},"15":{"start":{"line":21,"column":12},"end":{"line":21,"column":60}},"16":{"start":{"line":24,"column":12},"end":{"line":27,"column":13}},"17":{"start":{"line":24,"column":22},"end":{"line":24,"column":23}},"18":{"start":{"line":25,"column":31},"end":{"line":25,"column":119}},"19":{"start":{"line":26,"column":16},"end":{"line":26,"column":64}},"20":{"start":{"line":31,"column":8},"end":{"line":31,"column":25}},"21":{"start":{"line":33,"column":4},"end":{"line":33,"column":21}},"22":{"start":{"line":37,"column":15},"end":{"line":37,"column":56}},"23":{"start":{"line":38,"column":21},"end":{"line":38,"column":53}},"24":{"start":{"line":40,"column":32},"end":{"line":43,"column":6}},"25":{"start":{"line":44,"column":4},"end":{"line":130,"column":5}},"26":{"start":{"line":45,"column":8},"end":{"line":45,"column":31}},"27":{"start":{"line":46,"column":8},"end":{"line":46,"column":64}},"28":{"start":{"line":47,"column":8},"end":{"line":54,"column":9}},"29":{"start":{"line":48,"column":12},"end":{"line":53,"column":15}},"30":{"start":{"line":55,"column":8},"end":{"line":55,"column":31}},"31":{"start":{"line":56,"column":8},"end":{"line":56,"column":54}},"32":{"start":{"line":57,"column":8},"end":{"line":70,"column":10}},"33":{"start":{"line":58,"column":12},"end":{"line":63,"column":15}},"34":{"start":{"line":58,"column":21},"end":{"line":63,"column":15}},"35":{"start":{"line":64,"column":12},"end":{"line":69,"column":15}},"36":{"start":{"line":73,"column":8},"end":{"line":73,"column":31}},"37":{"start":{"line":74,"column":27},"end":{"line":74,"column":77}},"38":{"start":{"line":75,"column":24},"end":{"line":75,"column":63}},"39":{"start":{"line":76,"column":8},"end":{"line":129,"column":9}},"40":{"start":{"line":77,"column":12},"end":{"line":77,"column":47}},"41":{"start":{"line":78,"column":25},"end":{"line":78,"column":69}},"42":{"start":{"line":79,"column":12},"end":{"line":86,"column":13}},"43":{"start":{"line":80,"column":16},"end":{"line":85,"column":19}},"44":{"start":{"line":87,"column":12},"end":{"line":87,"column":84}},"45":{"start":{"line":88,"column":12},"end":{"line":95,"column":13}},"46":{"start":{"line":89,"column":16},"end":{"line":94,"column":19}},"47":{"start":{"line":96,"column":12},"end":{"line":96,"column":68}},"48":{"start":{"line":97,"column":12},"end":{"line":104,"column":13}},"49":{"start":{"line":98,"column":16},"end":{"line":103,"column":19}},"50":{"start":{"line":105,"column":12},"end":{"line":105,"column":58}},"51":{"start":{"line":106,"column":12},"end":{"line":119,"column":14}},"52":{"start":{"line":107,"column":16},"end":{"line":112,"column":19}},"53":{"start":{"line":107,"column":25},"end":{"line":112,"column":19}},"54":{"start":{"line":113,"column":16},"end":{"line":118,"column":19}},"55":{"start":{"line":122,"column":12},"end":{"line":122,"column":46}},"56":{"start":{"line":123,"column":12},"end":{"line":128,"column":15}},"57":{"start":{"line":134,"column":0},"end":{"line":136,"column":2}}},"fnMap":{"0":{"name":"generaQuizSfidaGiornaliera","decl":{"start":{"line":8,"column":15},"end":{"line":8,"column":41}},"loc":{"start":{"line":8,"column":52},"end":{"line":34,"column":1}},"line":8},"1":{"name":"getSfidaGiornaliera","decl":{"start":{"line":36,"column":15},"end":{"line":36,"column":34}},"loc":{"start":{"line":36,"column":45},"end":{"line":131,"column":1}},"line":36},"2":{"name":"(anonymous_2)","decl":{"start":{"line":57,"column":35},"end":{"line":57,"column":36}},"loc":{"start":{"line":57,"column":50},"end":{"line":70,"column":9}},"line":57},"3":{"name":"(anonymous_3)","decl":{"start":{"line":106,"column":39},"end":{"line":106,"column":40}},"loc":{"start":{"line":106,"column":54},"end":{"line":119,"column":13}},"line":106}},"branchMap":{"0":{"loc":{"start":{"line":11,"column":8},"end":{"line":28,"column":9}},"type":"if","locations":[{"start":{"line":11,"column":8},"end":{"line":28,"column":9}},{"start":{"line":23,"column":12},"end":{"line":28,"column":9}}],"line":11},"1":{"loc":{"start":{"line":44,"column":4},"end":{"line":130,"column":5}},"type":"if","locations":[{"start":{"line":44,"column":4},"end":{"line":130,"column":5}},{"start":{"line":72,"column":8},"end":{"line":130,"column":5}}],"line":44},"2":{"loc":{"start":{"line":47,"column":8},"end":{"line":54,"column":9}},"type":"if","locations":[{"start":{"line":47,"column":8},"end":{"line":54,"column":9}},{"start":{},"end":{}}],"line":47},"3":{"loc":{"start":{"line":58,"column":12},"end":{"line":63,"column":15}},"type":"if","locations":[{"start":{"line":58,"column":12},"end":{"line":63,"column":15}},{"start":{},"end":{}}],"line":58},"4":{"loc":{"start":{"line":76,"column":8},"end":{"line":129,"column":9}},"type":"if","locations":[{"start":{"line":76,"column":8},"end":{"line":129,"column":9}},{"start":{"line":121,"column":12},"end":{"line":129,"column":9}}],"line":76},"5":{"loc":{"start":{"line":79,"column":12},"end":{"line":86,"column":13}},"type":"if","locations":[{"start":{"line":79,"column":12},"end":{"line":86,"column":13}},{"start":{},"end":{}}],"line":79},"6":{"loc":{"start":{"line":88,"column":12},"end":{"line":95,"column":13}},"type":"if","locations":[{"start":{"line":88,"column":12},"end":{"line":95,"column":13}},{"start":{},"end":{}}],"line":88},"7":{"loc":{"start":{"line":97,"column":12},"end":{"line":104,"column":13}},"type":"if","locations":[{"start":{"line":97,"column":12},"end":{"line":104,"column":13}},{"start":{},"end":{}}],"line":97},"8":{"loc":{"start":{"line":107,"column":16},"end":{"line":112,"column":19}},"type":"if","locations":[{"start":{"line":107,"column":16},"end":{"line":112,"column":19}},{"start":{},"end":{}}],"line":107}},"s":{"0":1,"1":1,"2":1,"3":1,"4":1,"5":1,"6":1,"7":1,"8":1,"9":1,"10":1,"11":1,"12":1,"13":1,"14":1,"15":1,"16":0,"17":0,"18":0,"19":0,"20":0,"21":1,"22":2,"23":2,"24":2,"25":2,"26":0,"27":0,"28":0,"29":0,"30":0,"31":0,"32":0,"33":0,"34":0,"35":0,"36":2,"37":2,"38":2,"39":2,"40":1,"41":1,"42":1,"43":0,"44":1,"45":1,"46":0,"47":1,"48":1,"49":0,"50":1,"51":1,"52":1,"53":0,"54":1,"55":1,"56":1,"57":1},"f":{"0":1,"1":2,"2":0,"3":1},"b":{"0":[1,0],"1":[0,2],"2":[0,0],"3":[0,0],"4":[1,1],"5":[0,1],"6":[0,1],"7":[0,1],"8":[0,1]},"_coverageSchema":"1a1c01bbd47fc00a2c39e90264f33305004495a9","hash":"e08e23c4c136ca47de5a5fec8c540eb2a537699e"}
,"/home/andreag/Desktop/Back-End/controllers/simboloC.js": {"path":"/home/andreag/Desktop/Back-End/controllers/simboloC.js","statementMap":{"0":{"start":{"line":1,"column":23},"end":{"line":1,"column":52}},"1":{"start":{"line":2,"column":16},"end":{"line":2,"column":45}},"2":{"start":{"line":3,"column":13},"end":{"line":3,"column":39}},"3":{"start":{"line":9,"column":21},"end":{"line":9,"column":33}},"4":{"start":{"line":12,"column":2},"end":{"line":21,"column":3}},"5":{"start":{"line":15,"column":4},"end":{"line":15,"column":59}},"6":{"start":{"line":16,"column":4},"end":{"line":16,"column":19}},"7":{"start":{"line":19,"column":4},"end":{"line":20,"column":47}},"8":{"start":{"line":23,"column":2},"end":{"line":23,"column":15}},"9":{"start":{"line":27,"column":17},"end":{"line":27,"column":88}},"10":{"start":{"line":28,"column":14},"end":{"line":28,"column":72}},"11":{"start":{"line":29,"column":4},"end":{"line":29,"column":15}},"12":{"start":{"line":34,"column":4},"end":{"line":43,"column":5}},"13":{"start":{"line":35,"column":8},"end":{"line":35,"column":50}},"14":{"start":{"line":38,"column":8},"end":{"line":42,"column":11}},"15":{"start":{"line":44,"column":31},"end":{"line":44,"column":76}},"16":{"start":{"line":46,"column":15},"end":{"line":46,"column":48}},"17":{"start":{"line":47,"column":18},"end":{"line":47,"column":24}},"18":{"start":{"line":48,"column":19},"end":{"line":48,"column":49}},"19":{"start":{"line":49,"column":18},"end":{"line":49,"column":20}},"20":{"start":{"line":50,"column":20},"end":{"line":50,"column":26}},"21":{"start":{"line":52,"column":4},"end":{"line":52,"column":82}},"22":{"start":{"line":53,"column":4},"end":{"line":96,"column":5}},"23":{"start":{"line":54,"column":8},"end":{"line":88,"column":9}},"24":{"start":{"line":55,"column":26},"end":{"line":55,"column":83}},"25":{"start":{"line":56,"column":12},"end":{"line":56,"column":50}},"26":{"start":{"line":57,"column":12},"end":{"line":57,"column":39}},"27":{"start":{"line":59,"column":13},"end":{"line":88,"column":9}},"28":{"start":{"line":60,"column":26},"end":{"line":60,"column":83}},"29":{"start":{"line":61,"column":12},"end":{"line":61,"column":37}},"30":{"start":{"line":62,"column":12},"end":{"line":62,"column":52}},"31":{"start":{"line":63,"column":12},"end":{"line":63,"column":54}},"32":{"start":{"line":65,"column":12},"end":{"line":65,"column":80}},"33":{"start":{"line":66,"column":12},"end":{"line":66,"column":54}},"34":{"start":{"line":68,"column":12},"end":{"line":68,"column":80}},"35":{"start":{"line":69,"column":12},"end":{"line":69,"column":54}},"36":{"start":{"line":71,"column":12},"end":{"line":71,"column":80}},"37":{"start":{"line":72,"column":12},"end":{"line":72,"column":54}},"38":{"start":{"line":75,"column":26},"end":{"line":75,"column":83}},"39":{"start":{"line":76,"column":12},"end":{"line":76,"column":50}},"40":{"start":{"line":77,"column":12},"end":{"line":77,"column":39}},"41":{"start":{"line":78,"column":12},"end":{"line":78,"column":41}},"42":{"start":{"line":80,"column":12},"end":{"line":80,"column":80}},"43":{"start":{"line":81,"column":12},"end":{"line":81,"column":41}},"44":{"start":{"line":83,"column":12},"end":{"line":83,"column":80}},"45":{"start":{"line":84,"column":12},"end":{"line":84,"column":41}},"46":{"start":{"line":86,"column":12},"end":{"line":86,"column":80}},"47":{"start":{"line":87,"column":12},"end":{"line":87,"column":41}},"48":{"start":{"line":91,"column":8},"end":{"line":95,"column":11}},"49":{"start":{"line":98,"column":4},"end":{"line":98,"column":21}},"50":{"start":{"line":100,"column":20},"end":{"line":106,"column":6}},"51":{"start":{"line":108,"column":4},"end":{"line":113,"column":7}},"52":{"start":{"line":118,"column":0},"end":{"line":120,"column":2}}},"fnMap":{"0":{"name":"shuffle","decl":{"start":{"line":8,"column":9},"end":{"line":8,"column":16}},"loc":{"start":{"line":8,"column":24},"end":{"line":24,"column":1}},"line":8},"1":{"name":"chooseRandomSimbolo","decl":{"start":{"line":26,"column":15},"end":{"line":26,"column":34}},"loc":{"start":{"line":26,"column":41},"end":{"line":30,"column":1}},"line":26},"2":{"name":"generaQuiz","decl":{"start":{"line":32,"column":16},"end":{"line":32,"column":26}},"loc":{"start":{"line":32,"column":38},"end":{"line":114,"column":1}},"line":32}},"branchMap":{"0":{"loc":{"start":{"line":54,"column":8},"end":{"line":88,"column":9}},"type":"if","locations":[{"start":{"line":54,"column":8},"end":{"line":88,"column":9}},{"start":{"line":59,"column":13},"end":{"line":88,"column":9}}],"line":54},"1":{"loc":{"start":{"line":59,"column":13},"end":{"line":88,"column":9}},"type":"if","locations":[{"start":{"line":59,"column":13},"end":{"line":88,"column":9}},{"start":{"line":74,"column":12},"end":{"line":88,"column":9}}],"line":59}},"s":{"0":1,"1":1,"2":1,"3":9,"4":9,"5":16,"6":16,"7":16,"8":9,"9":22,"10":22,"11":22,"12":11,"13":11,"14":1,"15":10,"16":10,"17":10,"18":10,"19":10,"20":10,"21":10,"22":10,"23":10,"24":5,"25":5,"26":5,"27":5,"28":2,"29":2,"30":2,"31":2,"32":2,"33":2,"34":2,"35":2,"36":2,"37":2,"38":3,"39":3,"40":2,"41":2,"42":2,"43":2,"44":2,"45":2,"46":2,"47":2,"48":1,"49":9,"50":9,"51":9,"52":1},"f":{"0":9,"1":22,"2":11},"b":{"0":[5,5],"1":[2,3]},"_coverageSchema":"1a1c01bbd47fc00a2c39e90264f33305004495a9","hash":"e1fed75f3f411ecd3f8f573252fe36638ef5c1bf"}
,"/home/andreag/Desktop/Back-End/controllers/unloggedUserC.js": {"path":"/home/andreag/Desktop/Back-End/controllers/unloggedUserC.js","statementMap":{"0":{"start":{"line":2,"column":13},"end":{"line":2,"column":39}},"1":{"start":{"line":4,"column":15},"end":{"line":46,"column":1}},"2":{"start":{"line":7,"column":4},"end":{"line":45,"column":6}},"3":{"start":{"line":10,"column":8},"end":{"line":44,"column":9}},"4":{"start":{"line":13,"column":28},"end":{"line":18,"column":14}},"5":{"start":{"line":21,"column":12},"end":{"line":34,"column":14}},"6":{"start":{"line":22,"column":16},"end":{"line":27,"column":19}},"7":{"start":{"line":22,"column":25},"end":{"line":27,"column":19}},"8":{"start":{"line":28,"column":16},"end":{"line":33,"column":19}},"9":{"start":{"line":38,"column":12},"end":{"line":43,"column":15}},"10":{"start":{"line":48,"column":23},"end":{"line":108,"column":1}},"11":{"start":{"line":52,"column":12},"end":{"line":52,"column":70}},"12":{"start":{"line":55,"column":1},"end":{"line":107,"column":5}},"13":{"start":{"line":56,"column":2},"end":{"line":61,"column":11}},"14":{"start":{"line":65,"column":8},"end":{"line":106,"column":9}},"15":{"start":{"line":66,"column":12},"end":{"line":71,"column":15}},"16":{"start":{"line":96,"column":12},"end":{"line":105,"column":15}},"17":{"start":{"line":111,"column":22},"end":{"line":128,"column":1}},"18":{"start":{"line":112,"column":4},"end":{"line":127,"column":57}},"19":{"start":{"line":113,"column":8},"end":{"line":120,"column":9}},"20":{"start":{"line":114,"column":12},"end":{"line":119,"column":15}},"21":{"start":{"line":121,"column":8},"end":{"line":126,"column":11}},"22":{"start":{"line":130,"column":31},"end":{"line":150,"column":1}},"23":{"start":{"line":131,"column":19},"end":{"line":131,"column":38}},"24":{"start":{"line":134,"column":4},"end":{"line":149,"column":7}},"25":{"start":{"line":135,"column":8},"end":{"line":148,"column":15}},"26":{"start":{"line":136,"column":12},"end":{"line":141,"column":15}},"27":{"start":{"line":143,"column":13},"end":{"line":148,"column":15}},"28":{"start":{"line":153,"column":0},"end":{"line":158,"column":2}}},"fnMap":{"0":{"name":"(anonymous_0)","decl":{"start":{"line":4,"column":15},"end":{"line":4,"column":16}},"loc":{"start":{"line":4,"column":29},"end":{"line":46,"column":1}},"line":4},"1":{"name":"(anonymous_1)","decl":{"start":{"line":7,"column":50},"end":{"line":7,"column":51}},"loc":{"start":{"line":7,"column":65},"end":{"line":45,"column":5}},"line":7},"2":{"name":"(anonymous_2)","decl":{"start":{"line":21,"column":25},"end":{"line":21,"column":26}},"loc":{"start":{"line":21,"column":40},"end":{"line":34,"column":13}},"line":21},"3":{"name":"(anonymous_3)","decl":{"start":{"line":48,"column":23},"end":{"line":48,"column":24}},"loc":{"start":{"line":48,"column":49},"end":{"line":108,"column":1}},"line":48},"4":{"name":"(anonymous_4)","decl":{"start":{"line":111,"column":22},"end":{"line":111,"column":23}},"loc":{"start":{"line":111,"column":36},"end":{"line":128,"column":1}},"line":111},"5":{"name":"(anonymous_5)","decl":{"start":{"line":112,"column":55},"end":{"line":112,"column":56}},"loc":{"start":{"line":112,"column":70},"end":{"line":127,"column":5}},"line":112},"6":{"name":"(anonymous_6)","decl":{"start":{"line":130,"column":31},"end":{"line":130,"column":32}},"loc":{"start":{"line":130,"column":45},"end":{"line":150,"column":1}},"line":130},"7":{"name":"(anonymous_7)","decl":{"start":{"line":134,"column":78},"end":{"line":134,"column":79}},"loc":{"start":{"line":134,"column":93},"end":{"line":149,"column":5}},"line":134}},"branchMap":{"0":{"loc":{"start":{"line":10,"column":8},"end":{"line":44,"column":9}},"type":"if","locations":[{"start":{"line":10,"column":8},"end":{"line":44,"column":9}},{"start":{"line":36,"column":15},"end":{"line":44,"column":9}}],"line":10},"1":{"loc":{"start":{"line":22,"column":16},"end":{"line":27,"column":19}},"type":"if","locations":[{"start":{"line":22,"column":16},"end":{"line":27,"column":19}},{"start":{},"end":{}}],"line":22},"2":{"loc":{"start":{"line":55,"column":1},"end":{"line":107,"column":5}},"type":"if","locations":[{"start":{"line":55,"column":1},"end":{"line":107,"column":5}},{"start":{"line":63,"column":8},"end":{"line":107,"column":5}}],"line":55},"3":{"loc":{"start":{"line":65,"column":8},"end":{"line":106,"column":9}},"type":"if","locations":[{"start":{"line":65,"column":8},"end":{"line":106,"column":9}},{"start":{"line":73,"column":12},"end":{"line":106,"column":9}}],"line":65},"4":{"loc":{"start":{"line":113,"column":8},"end":{"line":120,"column":9}},"type":"if","locations":[{"start":{"line":113,"column":8},"end":{"line":120,"column":9}},{"start":{},"end":{}}],"line":113},"5":{"loc":{"start":{"line":135,"column":8},"end":{"line":148,"column":15}},"type":"if","locations":[{"start":{"line":135,"column":8},"end":{"line":148,"column":15}},{"start":{"line":143,"column":13},"end":{"line":148,"column":15}}],"line":135},"6":{"loc":{"start":{"line":135,"column":12},"end":{"line":135,"column":24}},"type":"binary-expr","locations":[{"start":{"line":135,"column":12},"end":{"line":135,"column":15}},{"start":{"line":135,"column":19},"end":{"line":135,"column":24}}],"line":135}},"s":{"0":1,"1":1,"2":2,"3":2,"4":1,"5":1,"6":1,"7":0,"8":1,"9":1,"10":1,"11":2,"12":2,"13":0,"14":2,"15":1,"16":1,"17":1,"18":1,"19":1,"20":0,"21":1,"22":1,"23":2,"24":2,"25":2,"26":1,"27":1,"28":1},"f":{"0":2,"1":2,"2":1,"3":2,"4":1,"5":1,"6":2,"7":2},"b":{"0":[1,1],"1":[0,1],"2":[0,2],"3":[1,1],"4":[0,1],"5":[1,1],"6":[2,2]},"_coverageSchema":"1a1c01bbd47fc00a2c39e90264f33305004495a9","hash":"47738375f4dff7014eb9a353fdf505944a0b617e"}
,"/home/andreag/Desktop/Back-End/models/quizM.js": {"path":"/home/andreag/Desktop/Back-End/models/quizM.js","statementMap":{"0":{"start":{"line":1,"column":17},"end":{"line":1,"column":36}},"1":{"start":{"line":3,"column":19},"end":{"line":9,"column":2}},"2":{"start":{"line":11,"column":13},"end":{"line":11,"column":47}},"3":{"start":{"line":13,"column":0},"end":{"line":13,"column":22}}},"fnMap":{},"branchMap":{},"s":{"0":1,"1":1,"2":1,"3":1},"f":{},"b":{},"_coverageSchema":"1a1c01bbd47fc00a2c39e90264f33305004495a9","hash":"74736f0f9442d8ef5babf2cb12174f989a83f549"}
,"/home/andreag/Desktop/Back-End/models/sfidaGiornalieraM.js": {"path":"/home/andreag/Desktop/Back-End/models/sfidaGiornalieraM.js","statementMap":{"0":{"start":{"line":1,"column":17},"end":{"line":1,"column":36}},"1":{"start":{"line":3,"column":31},"end":{"line":7,"column":2}},"2":{"start":{"line":9,"column":25},"end":{"line":9,"column":83}},"3":{"start":{"line":11,"column":0},"end":{"line":11,"column":34}}},"fnMap":{},"branchMap":{},"s":{"0":1,"1":1,"2":1,"3":1},"f":{},"b":{},"_coverageSchema":"1a1c01bbd47fc00a2c39e90264f33305004495a9","hash":"036b6454b97dfa63b4a5fc2869b6723e1d9c0326"}
,"/home/andreag/Desktop/Back-End/models/simboloM.js": {"path":"/home/andreag/Desktop/Back-End/models/simboloM.js","statementMap":{"0":{"start":{"line":1,"column":17},"end":{"line":1,"column":36}},"1":{"start":{"line":3,"column":22},"end":{"line":7,"column":2}},"2":{"start":{"line":9,"column":24},"end":{"line":9,"column":64}},"3":{"start":{"line":11,"column":0},"end":{"line":11,"column":33}}},"fnMap":{},"branchMap":{},"s":{"0":1,"1":1,"2":1,"3":1},"f":{},"b":{},"_coverageSchema":"1a1c01bbd47fc00a2c39e90264f33305004495a9","hash":"5ebb45ee5a46bcb06f6c1289c513b6a146dccdc8"}
,"/home/andreag/Desktop/Back-End/models/userM.js": {"path":"/home/andreag/Desktop/Back-End/models/userM.js","statementMap":{"0":{"start":{"line":1,"column":17},"end":{"line":1,"column":36}},"1":{"start":{"line":3,"column":19},"end":{"line":11,"column":2}},"2":{"start":{"line":13,"column":13},"end":{"line":13,"column":47}},"3":{"start":{"line":15,"column":0},"end":{"line":15,"column":22}}},"fnMap":{},"branchMap":{},"s":{"0":1,"1":1,"2":1,"3":1},"f":{},"b":{},"_coverageSchema":"1a1c01bbd47fc00a2c39e90264f33305004495a9","hash":"24b6b681bc51048348c606fa6ea0ed1ab60cb819"}
,"/home/andreag/Desktop/Back-End/routes/loggedUserR.js": {"path":"/home/andreag/Desktop/Back-End/routes/loggedUserR.js","statementMap":{"0":{"start":{"line":1,"column":16},"end":{"line":1,"column":34}},"1":{"start":{"line":3,"column":15},"end":{"line":3,"column":31}},"2":{"start":{"line":5,"column":23},"end":{"line":5,"column":60}},"3":{"start":{"line":7,"column":0},"end":{"line":7,"column":69}},"4":{"start":{"line":9,"column":0},"end":{"line":9,"column":68}},"5":{"start":{"line":11,"column":0},"end":{"line":11,"column":83}},"6":{"start":{"line":13,"column":0},"end":{"line":13,"column":52}},"7":{"start":{"line":15,"column":0},"end":{"line":15,"column":78}},"8":{"start":{"line":17,"column":0},"end":{"line":17,"column":87}},"9":{"start":{"line":19,"column":0},"end":{"line":19,"column":73}},"10":{"start":{"line":21,"column":0},"end":{"line":21,"column":91}},"11":{"start":{"line":23,"column":0},"end":{"line":23,"column":106}},"12":{"start":{"line":25,"column":0},"end":{"line":25,"column":111}},"13":{"start":{"line":27,"column":0},"end":{"line":27,"column":24}}},"fnMap":{},"branchMap":{},"s":{"0":1,"1":1,"2":1,"3":1,"4":1,"5":1,"6":1,"7":1,"8":1,"9":1,"10":1,"11":1,"12":1,"13":1},"f":{},"b":{},"_coverageSchema":"1a1c01bbd47fc00a2c39e90264f33305004495a9","hash":"74fc64af0394c9afcd11bccf0c87fb2be7e2d412"}
,"/home/andreag/Desktop/Back-End/routes/sfidaGiornalieraR.js": {"path":"/home/andreag/Desktop/Back-End/routes/sfidaGiornalieraR.js","statementMap":{"0":{"start":{"line":1,"column":16},"end":{"line":1,"column":34}},"1":{"start":{"line":3,"column":15},"end":{"line":3,"column":31}},"2":{"start":{"line":5,"column":23},"end":{"line":5,"column":66}},"3":{"start":{"line":7,"column":0},"end":{"line":7,"column":71}},"4":{"start":{"line":9,"column":0},"end":{"line":9,"column":24}}},"fnMap":{},"branchMap":{},"s":{"0":1,"1":1,"2":1,"3":1,"4":1},"f":{},"b":{},"_coverageSchema":"1a1c01bbd47fc00a2c39e90264f33305004495a9","hash":"fda84ae908d65dbe7746181184c0a7a4d294156e"}
,"/home/andreag/Desktop/Back-End/routes/simboloR.js": {"path":"/home/andreag/Desktop/Back-End/routes/simboloR.js","statementMap":{"0":{"start":{"line":1,"column":16},"end":{"line":1,"column":34}},"1":{"start":{"line":3,"column":15},"end":{"line":3,"column":31}},"2":{"start":{"line":5,"column":23},"end":{"line":5,"column":57}},"3":{"start":{"line":8,"column":0},"end":{"line":8,"column":53}},"4":{"start":{"line":10,"column":0},"end":{"line":10,"column":24}}},"fnMap":{},"branchMap":{},"s":{"0":1,"1":1,"2":1,"3":1,"4":1},"f":{},"b":{},"_coverageSchema":"1a1c01bbd47fc00a2c39e90264f33305004495a9","hash":"8f0b44e4a60ecde14a40635a46751cac719ca7f2"}
,"/home/andreag/Desktop/Back-End/routes/unloggedUserR.js": {"path":"/home/andreag/Desktop/Back-End/routes/unloggedUserR.js","statementMap":{"0":{"start":{"line":1,"column":16},"end":{"line":1,"column":34}},"1":{"start":{"line":3,"column":15},"end":{"line":3,"column":31}},"2":{"start":{"line":5,"column":31},"end":{"line":5,"column":70}},"3":{"start":{"line":7,"column":0},"end":{"line":7,"column":54}},"4":{"start":{"line":9,"column":0},"end":{"line":9,"column":61}},"5":{"start":{"line":11,"column":0},"end":{"line":11,"column":67}},"6":{"start":{"line":13,"column":0},"end":{"line":13,"column":95}},"7":{"start":{"line":18,"column":0},"end":{"line":18,"column":24}}},"fnMap":{},"branchMap":{},"s":{"0":1,"1":1,"2":1,"3":1,"4":1,"5":1,"6":1,"7":1},"f":{},"b":{},"_coverageSchema":"1a1c01bbd47fc00a2c39e90264f33305004495a9","hash":"ccf99951fc24e95110c5623f5c9379aeeb902aab"}
}
