TN:
SF:server.js
FN:36,(anonymous_0)
FN:43,(anonymous_1)
FNF:2
FNH:2
FNDA:1,(anonymous_0)
FNDA:1,(anonymous_1)
DA:6,1
DA:7,1
DA:8,1
DA:9,1
DA:11,1
DA:12,1
DA:14,1
DA:18,1
DA:19,1
DA:20,1
DA:21,1
DA:23,1
DA:24,1
DA:25,1
DA:26,1
DA:27,1
DA:28,1
DA:29,1
DA:33,1
DA:37,1
DA:38,1
DA:43,1
DA:44,1
DA:48,1
LF:24
LH:24
BRDA:37,0,0,0
BRDA:37,0,1,1
BRDA:43,1,0,1
BRDA:43,1,1,0
BRF:4
BRH:2
end_of_record
TN:
SF:controllers/loggedUserC.js
FN:9,(anonymous_0)
FN:14,(anonymous_1)
FN:32,(anonymous_2)
FN:38,(anonymous_3)
FN:56,(anonymous_4)
FN:60,(anonymous_5)
FN:79,(anonymous_6)
FN:80,(anonymous_7)
FN:97,(anonymous_8)
FN:99,(anonymous_9)
FN:110,(anonymous_10)
FN:142,(anonymous_11)
FN:158,(anonymous_12)
FN:175,(anonymous_13)
FN:176,(anonymous_14)
FN:193,(anonymous_15)
FN:194,(anonymous_16)
FN:210,(anonymous_17)
FN:231,(anonymous_18)
FN:234,(anonymous_19)
FN:243,(anonymous_20)
FN:269,(anonymous_21)
FN:272,(anonymous_22)
FN:285,(anonymous_23)
FN:303,(anonymous_24)
FNF:25
FNH:25
FNDA:2,(anonymous_0)
FNDA:2,(anonymous_1)
FNDA:2,(anonymous_2)
FNDA:2,(anonymous_3)
FNDA:2,(anonymous_4)
FNDA:2,(anonymous_5)
FNDA:1,(anonymous_6)
FNDA:1,(anonymous_7)
FNDA:3,(anonymous_8)
FNDA:3,(anonymous_9)
FNDA:1,(anonymous_10)
FNDA:1,(anonymous_11)
FNDA:1,(anonymous_12)
FNDA:1,(anonymous_13)
FNDA:1,(anonymous_14)
FNDA:3,(anonymous_15)
FNDA:3,(anonymous_16)
FNDA:1,(anonymous_17)
FNDA:3,(anonymous_18)
FNDA:3,(anonymous_19)
FNDA:1,(anonymous_20)
FNDA:3,(anonymous_21)
FNDA:3,(anonymous_22)
FNDA:1,(anonymous_23)
FNDA:1,(anonymous_24)
DA:1,1
DA:2,1
DA:3,1
DA:9,1
DA:10,2
DA:14,2
DA:15,2
DA:16,1
DA:23,1
DA:32,1
DA:34,2
DA:36,2
DA:38,2
DA:39,2
DA:40,1
DA:47,1
DA:56,1
DA:57,2
DA:60,2
DA:61,2
DA:62,1
DA:69,1
DA:79,1
DA:80,1
DA:81,1
DA:82,0
DA:88,1
DA:97,1
DA:99,3
DA:100,3
DA:101,1
DA:109,2
DA:110,1
DA:111,1
DA:112,0
DA:118,1
DA:127,1
DA:142,1
DA:143,1
DA:151,1
DA:158,1
DA:159,1
DA:160,0
DA:166,1
DA:175,1
DA:176,1
DA:177,1
DA:178,0
DA:184,1
DA:193,1
DA:194,3
DA:195,3
DA:196,1
DA:203,2
DA:204,1
DA:210,1
DA:211,1
DA:212,0
DA:219,1
DA:231,1
DA:232,3
DA:233,3
DA:234,3
DA:235,3
DA:236,1
DA:242,2
DA:243,1
DA:244,1
DA:245,0
DA:251,1
DA:260,1
DA:269,1
DA:270,3
DA:271,3
DA:272,3
DA:273,3
DA:274,1
DA:280,2
DA:281,2
DA:282,2
DA:283,1
DA:284,1
DA:285,1
DA:286,1
DA:287,0
DA:293,1
DA:302,1
DA:303,1
DA:304,1
DA:305,0
DA:311,1
DA:324,1
LF:92
LH:84
BRDA:15,0,0,1
BRDA:15,0,1,1
BRDA:15,1,0,2
BRDA:15,1,1,2
BRDA:39,2,0,1
BRDA:39,2,1,1
BRDA:39,3,0,2
BRDA:39,3,1,2
BRDA:61,4,0,1
BRDA:61,4,1,1
BRDA:61,5,0,2
BRDA:61,5,1,2
BRDA:81,6,0,0
BRDA:81,6,1,1
BRDA:100,7,0,1
BRDA:100,7,1,2
BRDA:100,8,0,3
BRDA:100,8,1,3
BRDA:109,9,0,1
BRDA:109,9,1,1
BRDA:111,10,0,0
BRDA:111,10,1,1
BRDA:159,11,0,0
BRDA:159,11,1,1
BRDA:177,12,0,0
BRDA:177,12,1,1
BRDA:195,13,0,1
BRDA:195,13,1,2
BRDA:195,14,0,3
BRDA:195,14,1,3
BRDA:203,15,0,1
BRDA:203,15,1,1
BRDA:211,16,0,0
BRDA:211,16,1,1
BRDA:235,17,0,1
BRDA:235,17,1,2
BRDA:235,18,0,3
BRDA:235,18,1,3
BRDA:242,19,0,1
BRDA:242,19,1,1
BRDA:244,20,0,0
BRDA:244,20,1,1
BRDA:273,21,0,1
BRDA:273,21,1,2
BRDA:273,22,0,3
BRDA:273,22,1,3
BRDA:282,23,0,1
BRDA:282,23,1,1
BRDA:286,24,0,0
BRDA:286,24,1,1
BRDA:304,25,0,0
BRDA:304,25,1,1
BRF:52
BRH:44
end_of_record
TN:
SF:controllers/sfidaGiornalieraC.js
FN:8,generaQuizSfidaGiornaliera
FN:36,getSfidaGiornaliera
FN:57,(anonymous_2)
FN:106,(anonymous_3)
FNF:4
FNH:3
FNDA:1,generaQuizSfidaGiornaliera
FNDA:2,getSfidaGiornaliera
FNDA:0,(anonymous_2)
FNDA:1,(anonymous_3)
DA:1,1
DA:2,1
DA:3,1
DA:9,1
DA:10,1
DA:11,1
DA:12,1
DA:13,1
DA:14,1
DA:15,1
DA:16,1
DA:17,1
DA:18,1
DA:19,1
DA:20,1
DA:21,1
DA:24,0
DA:25,0
DA:26,0
DA:31,0
DA:33,1
DA:37,2
DA:38,2
DA:40,2
DA:44,2
DA:45,0
DA:46,0
DA:47,0
DA:48,0
DA:55,0
DA:56,0
DA:57,0
DA:58,0
DA:64,0
DA:73,2
DA:74,2
DA:75,2
DA:76,2
DA:77,1
DA:78,1
DA:79,1
DA:80,0
DA:87,1
DA:88,1
DA:89,0
DA:96,1
DA:97,1
DA:98,0
DA:105,1
DA:106,1
DA:107,1
DA:113,1
DA:122,1
DA:123,1
DA:134,1
LF:55
LH:39
BRDA:11,0,0,1
BRDA:11,0,1,0
BRDA:44,1,0,0
BRDA:44,1,1,2
BRDA:47,2,0,0
BRDA:47,2,1,0
BRDA:58,3,0,0
BRDA:58,3,1,0
BRDA:76,4,0,1
BRDA:76,4,1,1
BRDA:79,5,0,0
BRDA:79,5,1,1
BRDA:88,6,0,0
BRDA:88,6,1,1
BRDA:97,7,0,0
BRDA:97,7,1,1
BRDA:107,8,0,0
BRDA:107,8,1,1
BRF:18
BRH:8
end_of_record
TN:
SF:controllers/simboloC.js
FN:8,shuffle
FN:26,chooseRandomSimbolo
FN:32,generaQuiz
FNF:3
FNH:3
FNDA:9,shuffle
FNDA:22,chooseRandomSimbolo
FNDA:11,generaQuiz
DA:1,1
DA:2,1
DA:3,1
DA:9,9
DA:12,9
DA:15,16
DA:16,16
DA:19,16
DA:23,9
DA:27,22
DA:28,22
DA:29,22
DA:34,11
DA:35,11
DA:38,1
DA:44,10
DA:46,10
DA:47,10
DA:48,10
DA:49,10
DA:50,10
DA:52,10
DA:53,10
DA:54,10
DA:55,5
DA:56,5
DA:57,5
DA:59,5
DA:60,2
DA:61,2
DA:62,2
DA:63,2
DA:65,2
DA:66,2
DA:68,2
DA:69,2
DA:71,2
DA:72,2
DA:75,3
DA:76,3
DA:77,2
DA:78,2
DA:80,2
DA:81,2
DA:83,2
DA:84,2
DA:86,2
DA:87,2
DA:91,1
DA:98,9
DA:100,9
DA:108,9
DA:118,1
LF:53
LH:53
BRDA:54,0,0,5
BRDA:54,0,1,5
BRDA:59,1,0,2
BRDA:59,1,1,3
BRF:4
BRH:4
end_of_record
TN:
SF:controllers/unloggedUserC.js
FN:4,(anonymous_0)
FN:7,(anonymous_1)
FN:21,(anonymous_2)
FN:48,(anonymous_3)
FN:111,(anonymous_4)
FN:112,(anonymous_5)
FN:130,(anonymous_6)
FN:134,(anonymous_7)
FNF:8
FNH:8
FNDA:2,(anonymous_0)
FNDA:2,(anonymous_1)
FNDA:1,(anonymous_2)
FNDA:2,(anonymous_3)
FNDA:1,(anonymous_4)
FNDA:1,(anonymous_5)
FNDA:2,(anonymous_6)
FNDA:2,(anonymous_7)
DA:2,1
DA:4,1
DA:7,2
DA:10,2
DA:13,1
DA:21,1
DA:22,1
DA:28,1
DA:38,1
DA:48,1
DA:52,2
DA:55,2
DA:56,0
DA:65,2
DA:66,1
DA:96,1
DA:111,1
DA:112,1
DA:113,1
DA:114,0
DA:121,1
DA:130,1
DA:131,2
DA:134,2
DA:135,2
DA:136,1
DA:143,1
DA:153,1
LF:28
LH:26
BRDA:10,0,0,1
BRDA:10,0,1,1
BRDA:22,1,0,0
BRDA:22,1,1,1
BRDA:55,2,0,0
BRDA:55,2,1,2
BRDA:65,3,0,1
BRDA:65,3,1,1
BRDA:113,4,0,0
BRDA:113,4,1,1
BRDA:135,5,0,1
BRDA:135,5,1,1
BRDA:135,6,0,2
BRDA:135,6,1,2
BRF:14
BRH:11
end_of_record
TN:
SF:models/quizM.js
FNF:0
FNH:0
DA:1,1
DA:3,1
DA:11,1
DA:13,1
LF:4
LH:4
BRF:0
BRH:0
end_of_record
TN:
SF:models/sfidaGiornalieraM.js
FNF:0
FNH:0
DA:1,1
DA:3,1
DA:9,1
DA:11,1
LF:4
LH:4
BRF:0
BRH:0
end_of_record
TN:
SF:models/simboloM.js
FNF:0
FNH:0
DA:1,1
DA:3,1
DA:9,1
DA:11,1
LF:4
LH:4
BRF:0
BRH:0
end_of_record
TN:
SF:models/userM.js
FNF:0
FNH:0
DA:1,1
DA:3,1
DA:13,1
DA:15,1
LF:4
LH:4
BRF:0
BRH:0
end_of_record
TN:
SF:routes/loggedUserR.js
FNF:0
FNH:0
DA:1,1
DA:3,1
DA:5,1
DA:7,1
DA:9,1
DA:11,1
DA:13,1
DA:15,1
DA:17,1
DA:19,1
DA:21,1
DA:23,1
DA:25,1
DA:27,1
LF:14
LH:14
BRF:0
BRH:0
end_of_record
TN:
SF:routes/sfidaGiornalieraR.js
FNF:0
FNH:0
DA:1,1
DA:3,1
DA:5,1
DA:7,1
DA:9,1
LF:5
LH:5
BRF:0
BRH:0
end_of_record
TN:
SF:routes/simboloR.js
FNF:0
FNH:0
DA:1,1
DA:3,1
DA:5,1
DA:8,1
DA:10,1
LF:5
LH:5
BRF:0
BRH:0
end_of_record
TN:
SF:routes/unloggedUserR.js
FNF:0
FNH:0
DA:1,1
DA:3,1
DA:5,1
DA:7,1
DA:9,1
DA:11,1
DA:13,1
DA:18,1
LF:8
LH:8
BRF:0
BRH:0
end_of_record
